0 info it worked if it ends with ok
1 verbose cli [ 'node', '/usr/local/bin/npm', 'publish' ]
2 info using npm@1.4.27
3 info using node@v0.10.31
4 verbose node symlink /usr/local/bin/node
5 verbose publish [ '.' ]
6 verbose cache add [ '.', null ]
7 verbose cache add name=undefined spec="." args=[".",null]
8 verbose parsed url { protocol: null,
8 verbose parsed url   slashes: null,
8 verbose parsed url   auth: null,
8 verbose parsed url   host: null,
8 verbose parsed url   port: null,
8 verbose parsed url   hostname: null,
8 verbose parsed url   hash: null,
8 verbose parsed url   search: null,
8 verbose parsed url   query: null,
8 verbose parsed url   pathname: '.',
8 verbose parsed url   path: '.',
8 verbose parsed url   href: '.' }
9 silly lockFile 3a52ce78- .
10 verbose lock . /Users/atimberlake/.npm/3a52ce78-.lock
11 verbose tar pack [ '/Users/atimberlake/.npm/ng-carousel/0.1.3/package.tgz', '.' ]
12 verbose tarball /Users/atimberlake/.npm/ng-carousel/0.1.3/package.tgz
13 verbose folder .
14 info prepublish ng-carousel@0.1.3
15 silly lockFile 1f1177db-tar tar://.
16 verbose lock tar://. /Users/atimberlake/.npm/1f1177db-tar.lock
17 silly lockFile 8557a8bd-pm-ng-carousel-0-1-3-package-tgz tar:///Users/atimberlake/.npm/ng-carousel/0.1.3/package.tgz
18 verbose lock tar:///Users/atimberlake/.npm/ng-carousel/0.1.3/package.tgz /Users/atimberlake/.npm/8557a8bd-pm-ng-carousel-0-1-3-package-tgz.lock
19 silly lockFile 1f1177db-tar tar://.
20 silly lockFile 1f1177db-tar tar://.
21 silly lockFile 8557a8bd-pm-ng-carousel-0-1-3-package-tgz tar:///Users/atimberlake/.npm/ng-carousel/0.1.3/package.tgz
22 silly lockFile 8557a8bd-pm-ng-carousel-0-1-3-package-tgz tar:///Users/atimberlake/.npm/ng-carousel/0.1.3/package.tgz
23 silly lockFile e64b849b-ke-npm-ng-carousel-0-1-3-package /Users/atimberlake/.npm/ng-carousel/0.1.3/package
24 verbose lock /Users/atimberlake/.npm/ng-carousel/0.1.3/package /Users/atimberlake/.npm/e64b849b-ke-npm-ng-carousel-0-1-3-package.lock
25 silly lockFile e64b849b-ke-npm-ng-carousel-0-1-3-package /Users/atimberlake/.npm/ng-carousel/0.1.3/package
26 silly lockFile e64b849b-ke-npm-ng-carousel-0-1-3-package /Users/atimberlake/.npm/ng-carousel/0.1.3/package
27 silly lockFile 3a52ce78- .
28 silly lockFile 3a52ce78- .
29 silly publish { name: 'ng-carousel',
29 silly publish   version: '0.1.3',
29 silly publish   description: 'Three-dimensional HTML5 carousel implemented in Angular.js.',
29 silly publish   main: 'dist/ng-carousel.js',
29 silly publish   directories: { example: 'example', test: 'tests' },
29 silly publish   dependencies:
29 silly publish    { bower: '^1.3.10',
29 silly publish      chunk: '0.0.1',
29 silly publish      express: '^4.9.0',
29 silly publish      glob: '^4.0.6',
29 silly publish      grunt: '^0.4.5',
29 silly publish      'grunt-cli': '^0.1.13',
29 silly publish      'grunt-contrib-compress': '^0.11.0',
29 silly publish      'grunt-contrib-concat': '^0.5.0',
29 silly publish      'grunt-contrib-copy': '^0.5.0',
29 silly publish      'grunt-contrib-jshint': '^0.10.0',
29 silly publish      'grunt-contrib-uglify': '^0.5.1',
29 silly publish      'grunt-karma': '^0.9.0',
29 silly publish      karma: '^0.12.23',
29 silly publish      'karma-firefox-launcher': '^0.1.3',
29 silly publish      'karma-jasmine': '^0.1.5',
29 silly publish      request: '^2.44.0' },
29 silly publish   devDependencies: {},
29 silly publish   scripts: { test: 'grunt test' },
29 silly publish   repository:
29 silly publish    { type: 'git',
29 silly publish      url: 'https://github.com/Wildhoney/ngCarousel.git' },
29 silly publish   author: { name: 'Adam Timberlake', email: 'adam.timberlake@gmail.com' },
29 silly publish   license: 'MIT',
29 silly publish   bugs: { url: 'https://github.com/Wildhoney/ngCarousel/issues' },
29 silly publish   homepage: 'https://github.com/Wildhoney/ngCarousel',
29 silly publish   readme: 'ngCarousel\n=======\n\n![Travis](http://img.shields.io/travis/Wildhoney/ngCarousel.svg?style=flat)\n&nbsp;\n![npm](http://img.shields.io/npm/v/ng-carousel.svg?style=flat)\n&nbsp;\n![License MIT](http://img.shields.io/badge/License-MIT-lightgrey.svg?style=flat)\n\n* **Heroku**: [http://ng-carousel.herokuapp.com/](http://ng-carousel.herokuapp.com/)\n* **Bower:** `bower install ng-carousel`\n\n---\n\n',
29 silly publish   readmeFilename: 'README.md',
29 silly publish   gitHead: '8792074ac66b9567bd0dd7901a6df7963a119d06',
29 silly publish   _id: 'ng-carousel@0.1.3',
29 silly publish   _shasum: 'f9a4f6c32d3a8f5283439ebd70369bf8066a035b',
29 silly publish   _from: '.' }
30 verbose request where is /ng-carousel
31 verbose request registry https://registry.npmjs.org/
32 verbose request id caead207e1365fd9
33 verbose url raw /ng-carousel
34 verbose url resolving [ 'https://registry.npmjs.org/', './ng-carousel' ]
35 verbose url resolved https://registry.npmjs.org/ng-carousel
36 verbose request where is https://registry.npmjs.org/ng-carousel
37 info trying registry request attempt 1 at 22:18:39
38 http PUT https://registry.npmjs.org/ng-carousel
39 http 403 https://registry.npmjs.org/ng-carousel
40 verbose headers { date: 'Sun, 21 Sep 2014 21:19:26 GMT',
40 verbose headers   server: 'CouchDB/1.5.0 (Erlang OTP/R14B04)',
40 verbose headers   'content-type': 'application/json',
40 verbose headers   'cache-control': 'max-age=60',
40 verbose headers   'content-length': '3745',
40 verbose headers   'accept-ranges': 'bytes',
40 verbose headers   via: '1.1 varnish',
40 verbose headers   'x-served-by': 'cache-lo83-LHR',
40 verbose headers   'x-cache': 'MISS',
40 verbose headers   'x-cache-hits': '0',
40 verbose headers   'x-timer': 'S1411334322.630487,VS0,VE44326',
40 verbose headers   'keep-alive': 'timeout=10, max=50',
40 verbose headers   connection: 'Keep-Alive' }
41 error publish Failed PUT 403
42 error Error: forbidden cannot modify pre-existing version: 0.1.3
42 error old={"name":"ng-carousel","version":"0.1.3","description":"Three-dimensional HTML5 carousel implemented in Angular.js.","main":"dist/ng-carousel.js","directories":{"example":"example","test":"tests"},"dependencies":{"bower":"^1.3.10","chunk":"0.0.1","express":"^4.9.0","glob":"^4.0.6","grunt":"^0.4.5","grunt-cli":"^0.1.13","grunt-contrib-compress":"^0.11.0","grunt-contrib-concat":"^0.5.0","grunt-contrib-copy":"^0.5.0","grunt-contrib-jshint":"^0.10.0","grunt-contrib-uglify":"^0.5.1","grunt-karma":"^0.9.0","karma":"^0.12.23","karma-firefox-launcher":"^0.1.3","karma-jasmine":"^0.1.5","request":"^2.44.0"},"devDependencies":{},"scripts":{"test":"grunt test"},"repository":{"type":"git","url":"https://github.com/Wildhoney/ngCarousel.git"},"author":{"name":"Adam Timberlake","email":"adam.timberlake@gmail.com"},"license":"MIT","bugs":{"url":"https://github.com/Wildhoney/ngCarousel/issues"},"homepage":"https://github.com/Wildhoney/ngCarousel","gitHead":"b662828c83aa1f30c18515c0a8c6dbf1eab58175","_id":"ng-carousel@0.1.3","_shasum":"147ec74085741fe4d727706440e510d243ca16a8","_from":".","_npmVersion":"1.4.27","_npmUser":{"name":"wildhoney","email":"adam.timberlake@gmail.com"},"maintainers":[{"name":"wildhoney","email":"adam.timberlake@gmail.com"}],"dist":{"shasum":"147ec74085741fe4d727706440e510d243ca16a8","tarball":"http://registry.npmjs.org/ng-carousel/-/ng-carousel-0.1.3.tgz"}}
42 error new={"name":"ng-carousel","version":"0.1.3","description":"Three-dimensional HTML5 carousel implemented in Angular.js.","main":"dist/ng-carousel.js","directories":{"example":"example","test":"tests"},"dependencies":{"bower":"^1.3.10","chunk":"0.0.1","express":"^4.9.0","glob":"^4.0.6","grunt":"^0.4.5","grunt-cli":"^0.1.13","grunt-contrib-compress":"^0.11.0","grunt-contrib-concat":"^0.5.0","grunt-contrib-copy":"^0.5.0","grunt-contrib-jshint":"^0.10.0","grunt-contrib-uglify":"^0.5.1","grunt-karma":"^0.9.0","karma":"^0.12.23","karma-firefox-launcher":"^0.1.3","karma-jasmine":"^0.1.5","request":"^2.44.0"},"devDependencies":{},"scripts":{"test":"grunt test"},"repository":{"type":"git","url":"https://github.com/Wildhoney/ngCarousel.git"},"author":{"name":"Adam Timberlake","email":"adam.timberlake@gmail.com"},"license":"MIT","bugs":{"url":"https://github.com/Wildhoney/ngCarousel/issues"},"homepage":"https://github.com/Wildhoney/ngCarousel","readme":"ngCarousel\u000a=======\u000a\u000a![Travis](http://img.shields.io/travis/Wildhoney/ngCarousel.svg?style=flat)\u000a&nbsp;\u000a![npm](http://img.shields.io/npm/v/ng-carousel.svg?style=flat)\u000a&nbsp;\u000a![License MIT](http://img.shields.io/badge/License-MIT-lightgrey.svg?style=flat)\u000a\u000a* **Heroku**: [http://ng-carousel.herokuapp.com/](http://ng-carousel.herokuapp.com/)\u000a* **Bower:** `bower install ng-carousel`\u000a\u000a---\u000a\u000a","readmeFilename":"README.md","gitHead":"8792074ac66b9567bd0dd7901a6df7963a119d06","_id":"ng-carousel@0.1.3","_shasum":"f9a4f6c32d3a8f5283439ebd70369bf8066a035b","_from":".","_npmVersion":"1.4.27","_npmUser":{"name":"wildhoney","email":"adam.timberlake@gmail.com"},"maintainers":[{"name":"wildhoney","email":"adam.timberlake@gmail.com"}],"dist":{"shasum":"f9a4f6c32d3a8f5283439ebd70369bf8066a035b","tarball":"http://registry.npmjs.org/ng-carousel/-/ng-carousel-0.1.3.tgz"}}: ng-carousel
42 error     at RegClient.<anonymous> (/usr/local/lib/node_modules/npm/node_modules/npm-registry-client/lib/request.js:308:14)
42 error     at Request._callback (/usr/local/lib/node_modules/npm/node_modules/npm-registry-client/lib/request.js:246:65)
42 error     at Request.self.callback (/usr/local/lib/node_modules/npm/node_modules/request/request.js:236:22)
42 error     at Request.emit (events.js:98:17)
42 error     at Request.<anonymous> (/usr/local/lib/node_modules/npm/node_modules/request/request.js:1142:14)
42 error     at Request.emit (events.js:117:20)
42 error     at IncomingMessage.<anonymous> (/usr/local/lib/node_modules/npm/node_modules/request/request.js:1096:12)
42 error     at IncomingMessage.emit (events.js:117:20)
42 error     at _stream_readable.js:943:16
42 error     at process._tickCallback (node.js:419:13)
43 error If you need help, you may report this *entire* log,
43 error including the npm and node versions, at:
43 error     <http://github.com/npm/npm/issues>
44 error System Darwin 13.2.0
45 error command "node" "/usr/local/bin/npm" "publish"
46 error cwd /Users/atimberlake/Webroot/ngCarousel
47 error node -v v0.10.31
48 error npm -v 1.4.27
49 verbose exit [ 1, true ]
